11-19 02:59:08 com_github_bouni_kicad-jlcpcb-tools.store 185:Part R11 does not exist in the database and will be created from the board.
11-19 02:59:08 com_github_bouni_kicad-jlcpcb-tools.store 185:Part C17 does not exist in the database and will be created from the board.
11-19 02:59:08 com_github_bouni_kicad-jlcpcb-tools.store 185:Part R3 does not exist in the database and will be created from the board.
11-19 02:59:08 com_github_bouni_kicad-jlcpcb-tools.store 185:Part R20 does not exist in the database and will be created from the board.
11-19 02:59:08 com_github_bouni_kicad-jlcpcb-tools.store 185:Part R14 does not exist in the database and will be created from the board.
11-19 02:59:08 com_github_bouni_kicad-jlcpcb-tools.store 185:Part C3 does not exist in the database and will be created from the board.
11-19 02:59:08 com_github_bouni_kicad-jlcpcb-tools.store 185:Part C16 does not exist in the database and will be created from the board.
11-19 02:59:08 com_github_bouni_kicad-jlcpcb-tools.store 185:Part D5 does not exist in the database and will be created from the board.
11-19 02:59:08 com_github_bouni_kicad-jlcpcb-tools.store 185:Part SW1 does not exist in the database and will be created from the board.
11-19 02:59:08 com_github_bouni_kicad-jlcpcb-tools.store 185:Part D7 does not exist in the database and will be created from the board.
11-19 02:59:08 com_github_bouni_kicad-jlcpcb-tools.store 185:Part J1 does not exist in the database and will be created from the board.
11-19 02:59:08 com_github_bouni_kicad-jlcpcb-tools.store 185:Part C5 does not exist in the database and will be created from the board.
11-19 02:59:08 com_github_bouni_kicad-jlcpcb-tools.store 185:Part SW2 does not exist in the database and will be created from the board.
11-19 02:59:08 com_github_bouni_kicad-jlcpcb-tools.store 185:Part R13 does not exist in the database and will be created from the board.
11-19 02:59:08 com_github_bouni_kicad-jlcpcb-tools.store 185:Part R12 does not exist in the database and will be created from the board.
11-19 02:59:08 com_github_bouni_kicad-jlcpcb-tools.store 185:Part C7 does not exist in the database and will be created from the board.
11-19 02:59:08 com_github_bouni_kicad-jlcpcb-tools.store 185:Part D4 does not exist in the database and will be created from the board.
11-19 02:59:08 com_github_bouni_kicad-jlcpcb-tools.store 185:Part R4 does not exist in the database and will be created from the board.
11-19 02:59:08 com_github_bouni_kicad-jlcpcb-tools.store 185:Part C10 does not exist in the database and will be created from the board.
11-19 02:59:08 com_github_bouni_kicad-jlcpcb-tools.store 185:Part R8 does not exist in the database and will be created from the board.
11-19 02:59:08 com_github_bouni_kicad-jlcpcb-tools.store 185:Part J3 does not exist in the database and will be created from the board.
11-19 02:59:08 com_github_bouni_kicad-jlcpcb-tools.store 185:Part R9 does not exist in the database and will be created from the board.
11-19 02:59:08 com_github_bouni_kicad-jlcpcb-tools.store 185:Part R16 does not exist in the database and will be created from the board.
11-19 02:59:08 com_github_bouni_kicad-jlcpcb-tools.store 185:Part C12 does not exist in the database and will be created from the board.
11-19 02:59:08 com_github_bouni_kicad-jlcpcb-tools.store 185:Part R5 does not exist in the database and will be created from the board.
11-19 02:59:08 com_github_bouni_kicad-jlcpcb-tools.store 185:Part C15 does not exist in the database and will be created from the board.
11-19 02:59:08 com_github_bouni_kicad-jlcpcb-tools.store 185:Part R15 does not exist in the database and will be created from the board.
11-19 02:59:08 com_github_bouni_kicad-jlcpcb-tools.store 185:Part J4 does not exist in the database and will be created from the board.
11-19 02:59:08 com_github_bouni_kicad-jlcpcb-tools.store 185:Part D2 does not exist in the database and will be created from the board.
11-19 02:59:08 com_github_bouni_kicad-jlcpcb-tools.store 185:Part D8 does not exist in the database and will be created from the board.
11-19 02:59:08 com_github_bouni_kicad-jlcpcb-tools.store 185:Part R17 does not exist in the database and will be created from the board.
11-19 02:59:08 com_github_bouni_kicad-jlcpcb-tools.store 185:Part C14 does not exist in the database and will be created from the board.
11-19 02:59:08 com_github_bouni_kicad-jlcpcb-tools.store 185:Part J2 does not exist in the database and will be created from the board.
11-19 02:59:08 com_github_bouni_kicad-jlcpcb-tools.store 185:Part U3 does not exist in the database and will be created from the board.
11-19 02:59:08 com_github_bouni_kicad-jlcpcb-tools.store 185:Part R10 does not exist in the database and will be created from the board.
11-19 02:59:08 com_github_bouni_kicad-jlcpcb-tools.store 185:Part C1 does not exist in the database and will be created from the board.
11-19 02:59:08 com_github_bouni_kicad-jlcpcb-tools.store 185:Part D1 does not exist in the database and will be created from the board.
11-19 02:59:08 com_github_bouni_kicad-jlcpcb-tools.store 185:Part C9 does not exist in the database and will be created from the board.
11-19 02:59:08 com_github_bouni_kicad-jlcpcb-tools.store 185:Part C13 does not exist in the database and will be created from the board.
11-19 02:59:08 com_github_bouni_kicad-jlcpcb-tools.store 185:Part C11 does not exist in the database and will be created from the board.
11-19 02:59:08 com_github_bouni_kicad-jlcpcb-tools.store 185:Part R6 does not exist in the database and will be created from the board.
11-19 02:59:08 com_github_bouni_kicad-jlcpcb-tools.store 185:Part C2 does not exist in the database and will be created from the board.
11-19 02:59:08 com_github_bouni_kicad-jlcpcb-tools.store 185:Part U4 does not exist in the database and will be created from the board.
11-19 02:59:08 com_github_bouni_kicad-jlcpcb-tools.store 185:Part D3 does not exist in the database and will be created from the board.
11-19 02:59:08 com_github_bouni_kicad-jlcpcb-tools.store 185:Part R2 does not exist in the database and will be created from the board.
11-19 02:59:08 com_github_bouni_kicad-jlcpcb-tools.store 185:Part R19 does not exist in the database and will be created from the board.
11-19 02:59:08 com_github_bouni_kicad-jlcpcb-tools.store 185:Part C6 does not exist in the database and will be created from the board.
11-19 02:59:08 com_github_bouni_kicad-jlcpcb-tools.store 185:Part C4 does not exist in the database and will be created from the board.
11-19 02:59:08 com_github_bouni_kicad-jlcpcb-tools.store 185:Part C8 does not exist in the database and will be created from the board.
11-19 02:59:08 com_github_bouni_kicad-jlcpcb-tools.store 185:Part R1 does not exist in the database and will be created from the board.
11-19 02:59:08 com_github_bouni_kicad-jlcpcb-tools.store 185:Part R18 does not exist in the database and will be created from the board.
11-19 02:59:08 com_github_bouni_kicad-jlcpcb-tools.store 185:Part U1 does not exist in the database and will be created from the board.
11-19 02:59:08 com_github_bouni_kicad-jlcpcb-tools.store 185:Part U2 does not exist in the database and will be created from the board.
11-19 02:59:08 com_github_bouni_kicad-jlcpcb-tools.store 185:Part D6 does not exist in the database and will be created from the board.
11-19 02:59:08 com_github_bouni_kicad-jlcpcb-tools.store 185:Part R7 does not exist in the database and will be created from the board.
11-19 02:59:08 com_github_bouni_kicad-jlcpcb-tools.store 185:Part U5 does not exist in the database and will be created from the board.
11-19 02:59:08 com_github_bouni_kicad-jlcpcb-tools.store 185:Part V_SUPPLY1 does not exist in the database and will be created from the board.
11-19 02:59:08 com_github_bouni_kicad-jlcpcb-tools.store 185:Part V_SUPPLY2 does not exist in the database and will be created from the board.
11-19 02:59:08 com_github_bouni_kicad-jlcpcb-tools.store 185:Part GND2 does not exist in the database and will be created from the board.
11-19 02:59:08 com_github_bouni_kicad-jlcpcb-tools.store 185:Part GND1 does not exist in the database and will be created from the board.
11-19 03:03:03 com_github_bouni_kicad-jlcpcb-tools.fabrication 220:Successfully plotted Top layer
11-19 03:03:03 com_github_bouni_kicad-jlcpcb-tools.fabrication 220:Successfully plotted Silk top
11-19 03:03:03 com_github_bouni_kicad-jlcpcb-tools.fabrication 220:Successfully plotted Mask top
11-19 03:03:03 com_github_bouni_kicad-jlcpcb-tools.fabrication 220:Successfully plotted Paste top
11-19 03:03:03 com_github_bouni_kicad-jlcpcb-tools.fabrication 220:Successfully plotted Bottom layer
11-19 03:03:03 com_github_bouni_kicad-jlcpcb-tools.fabrication 220:Successfully plotted Silk top
11-19 03:03:03 com_github_bouni_kicad-jlcpcb-tools.fabrication 220:Successfully plotted Mask bottom
11-19 03:03:03 com_github_bouni_kicad-jlcpcb-tools.fabrication 220:Successfully plotted Paste bottom
11-19 03:03:03 com_github_bouni_kicad-jlcpcb-tools.fabrication 220:Successfully plotted Edges
11-19 03:03:03 com_github_bouni_kicad-jlcpcb-tools.fabrication 220:Successfully plotted V score cut
11-19 03:03:03 com_github_bouni_kicad-jlcpcb-tools.fabrication 235:Finished generating Excellon files
11-19 03:03:03 com_github_bouni_kicad-jlcpcb-tools.fabrication 252:Finished generating ZIP file /Users/arunoda/data/projects/bread-modular/modules/midi/jlcpcb/production_files/GERBER-midi.zip
11-19 03:03:03 com_github_bouni_kicad-jlcpcb-tools.fabrication 297:Finished generating CPL file /Users/arunoda/data/projects/bread-modular/modules/midi/jlcpcb/production_files/CPL-midi.csv
11-19 03:03:03 com_github_bouni_kicad-jlcpcb-tools.fabrication 332:Finished generating BOM file /Users/arunoda/data/projects/bread-modular/modules/midi/jlcpcb/production_files/BOM-midi.csv
